<?xml version="1.0" encoding="UTF-8"?>
<testng-results ignored="0" total="2" passed="2" failed="0" skipped="0">
  <reporter-output>
  </reporter-output>
  <suite started-at="2025-05-08T11:25:10 IST" name="Default suite" finished-at="2025-05-08T11:26:55 IST" duration-ms="105349">
    <groups>
    </groups>
    <test started-at="2025-05-08T11:25:10 IST" name="Default test" finished-at="2025-05-08T11:26:55 IST" duration-ms="105349">
      <class name="testcase.LoginPageTest">
        <test-method is-config="true" signature="beforeMethod()[pri:0, instance:testcase.LoginPageTest@36fc695d]" started-at="2025-05-08T11:25:10 IST" name="beforeMethod" finished-at="2025-05-08T11:26:25 IST" duration-ms="75107" status="PASS">
          <reporter-output>
          </reporter-output>
        </test-method> <!-- beforeMethod -->
        <test-method signature="isUserAbleToLoginWithValidCredentials()[pri:1, instance:testcase.LoginPageTest@36fc695d]" started-at="2025-05-08T11:26:25 IST" name="isUserAbleToLoginWithValidCredentials" finished-at="2025-05-08T11:26:36 IST" duration-ms="10741" status="PASS">
          <reporter-output>
          </reporter-output>
        </test-method> <!-- isUserAbleToLoginWithValidCredentials -->
        <test-method is-config="true" signature="afterMethod()[pri:0, instance:testcase.LoginPageTest@36fc695d]" started-at="2025-05-08T11:26:36 IST" name="afterMethod" finished-at="2025-05-08T11:26:37 IST" duration-ms="1600" status="PASS">
          <reporter-output>
          </reporter-output>
        </test-method> <!-- afterMethod -->
        <test-method is-config="true" signature="beforeMethod()[pri:0, instance:testcase.LoginPageTest@36fc695d]" started-at="2025-05-08T11:26:37 IST" name="beforeMethod" finished-at="2025-05-08T11:26:50 IST" duration-ms="12450" status="PASS">
          <reporter-output>
          </reporter-output>
        </test-method> <!-- beforeMethod -->
        <test-method signature="isUserAbleToLoginWithInvalidCredentials()[pri:2, instance:testcase.LoginPageTest@36fc695d]" started-at="2025-05-08T11:26:50 IST" name="isUserAbleToLoginWithInvalidCredentials" finished-at="2025-05-08T11:26:54 IST" duration-ms="4349" status="PASS">
          <reporter-output>
          </reporter-output>
        </test-method> <!-- isUserAbleToLoginWithInvalidCredentials -->
        <test-method is-config="true" signature="afterMethod()[pri:0, instance:testcase.LoginPageTest@36fc695d]" started-at="2025-05-08T11:26:54 IST" name="afterMethod" finished-at="2025-05-08T11:26:55 IST" duration-ms="911" status="PASS">
          <reporter-output>
          </reporter-output>
        </test-method> <!-- afterMethod -->
      </class> <!-- testcase.LoginPageTest -->
    </test> <!-- Default test -->
  </suite> <!-- Default suite -->
</testng-results>
