<?xml version="1.0" encoding="UTF-8"?>
<!-- Generated by org.testng.reporters.JUnitXMLReporter -->
<testsuite ignored="0" hostname="DESKTOP-NVEN0KO" failures="0" tests="2" name="Default test" time="105.349" errors="0" timestamp="2025-05-08T11:26:55 IST">
  <testcase classname="testcase.LoginPageTest" name="isUserAbleToLoginWithValidCredentials" time="10.741"/>
  <testcase classname="testcase.LoginPageTest" name="isUserAbleToLoginWithInvalidCredentials" time="4.349"/>
</testsuite> <!-- Default test -->
